[2020-02-03 03:38:54,326] {{taskinstance.py:655}} INFO - Dependencies all met for <TaskInstance: tutorial.sleep 2015-06-16T00:00:00+00:00 [queued]>
[2020-02-03 03:38:54,482] {{taskinstance.py:655}} INFO - Dependencies all met for <TaskInstance: tutorial.sleep 2015-06-16T00:00:00+00:00 [queued]>
[2020-02-03 03:38:54,486] {{taskinstance.py:866}} INFO - 
--------------------------------------------------------------------------------
[2020-02-03 03:38:54,490] {{taskinstance.py:867}} INFO - Starting attempt 1 of 4
[2020-02-03 03:38:54,491] {{taskinstance.py:868}} INFO - 
--------------------------------------------------------------------------------
[2020-02-03 03:38:54,610] {{taskinstance.py:887}} INFO - Executing <Task(BashOperator): sleep> on 2015-06-16T00:00:00+00:00
[2020-02-03 03:38:54,721] {{standard_task_runner.py:52}} INFO - Started process 484 to run task
[2020-02-03 03:39:04,848] {{logging_mixin.py:112}} INFO - [2020-02-03 03:39:04,835] {{dagbag.py:403}} INFO - Filling up the DagBag from /usr/local/airflow/dags/tuto.py
[2020-02-03 03:39:26,890] {{logging_mixin.py:112}} INFO - Running %s on host %s <TaskInstance: tutorial.sleep 2015-06-16T00:00:00+00:00 [running]> 8f80e5b8585f
[2020-02-03 03:39:27,277] {{bash_operator.py:81}} INFO - Tmp dir root location: 
 /tmp
[2020-02-03 03:39:27,286] {{bash_operator.py:91}} INFO - Exporting the following env vars:
AIRFLOW_CTX_DAG_EMAIL=airflow@airflow.com
AIRFLOW_CTX_DAG_OWNER=airflow
AIRFLOW_CTX_DAG_ID=tutorial
AIRFLOW_CTX_TASK_ID=sleep
AIRFLOW_CTX_EXECUTION_DATE=2015-06-16T00:00:00+00:00
AIRFLOW_CTX_DAG_RUN_ID=scheduled__2015-06-16T00:00:00+00:00
[2020-02-03 03:39:27,321] {{bash_operator.py:105}} INFO - Temporary script location: /tmp/airflowtmpvu5xu5qe/sleep33fy1t7k
[2020-02-03 03:39:27,323] {{bash_operator.py:115}} INFO - Running command: sleep 5
[2020-02-03 03:39:27,481] {{bash_operator.py:124}} INFO - Output:
[2020-02-03 03:39:32,746] {{bash_operator.py:132}} INFO - Command exited with return code 0
[2020-02-03 03:39:58,766] {{logging_mixin.py:112}} INFO - [2020-02-03 03:39:58,717] {{local_task_job.py:103}} INFO - Task exited with return code 0
