[2020-02-03 03:39:58,448] {{taskinstance.py:655}} INFO - Dependencies all met for <TaskInstance: tutorial.templated 2015-06-19T00:00:00+00:00 [queued]>
[2020-02-03 03:39:58,511] {{taskinstance.py:655}} INFO - Dependencies all met for <TaskInstance: tutorial.templated 2015-06-19T00:00:00+00:00 [queued]>
[2020-02-03 03:39:58,512] {{taskinstance.py:866}} INFO - 
--------------------------------------------------------------------------------
[2020-02-03 03:39:58,513] {{taskinstance.py:867}} INFO - Starting attempt 1 of 2
[2020-02-03 03:39:58,513] {{taskinstance.py:868}} INFO - 
--------------------------------------------------------------------------------
[2020-02-03 03:39:58,530] {{taskinstance.py:887}} INFO - Executing <Task(BashOperator): templated> on 2015-06-19T00:00:00+00:00
[2020-02-03 03:39:58,542] {{standard_task_runner.py:52}} INFO - Started process 589 to run task
[2020-02-03 03:39:58,679] {{logging_mixin.py:112}} INFO - [2020-02-03 03:39:58,676] {{dagbag.py:403}} INFO - Filling up the DagBag from /usr/local/airflow/dags/tuto.py
[2020-02-03 03:39:58,799] {{logging_mixin.py:112}} INFO - Running %s on host %s <TaskInstance: tutorial.templated 2015-06-19T00:00:00+00:00 [running]> 8f80e5b8585f
[2020-02-03 03:39:58,920] {{bash_operator.py:81}} INFO - Tmp dir root location: 
 /tmp
[2020-02-03 03:39:58,921] {{bash_operator.py:91}} INFO - Exporting the following env vars:
AIRFLOW_CTX_DAG_EMAIL=airflow@airflow.com
AIRFLOW_CTX_DAG_OWNER=airflow
AIRFLOW_CTX_DAG_ID=tutorial
AIRFLOW_CTX_TASK_ID=templated
AIRFLOW_CTX_EXECUTION_DATE=2015-06-19T00:00:00+00:00
AIRFLOW_CTX_DAG_RUN_ID=scheduled__2015-06-19T00:00:00+00:00
[2020-02-03 03:39:58,929] {{bash_operator.py:105}} INFO - Temporary script location: /tmp/airflowtmpu2qixxr6/templatedvew2jcxn
[2020-02-03 03:39:58,930] {{bash_operator.py:115}} INFO - Running command: 
    
        echo "2015-06-19"
        echo "2015-06-26"
        echo "Parameter I passed in"
    
        echo "2015-06-19"
        echo "2015-06-26"
        echo "Parameter I passed in"
    
        echo "2015-06-19"
        echo "2015-06-26"
        echo "Parameter I passed in"
    
        echo "2015-06-19"
        echo "2015-06-26"
        echo "Parameter I passed in"
    
        echo "2015-06-19"
        echo "2015-06-26"
        echo "Parameter I passed in"
    
[2020-02-03 03:39:58,947] {{bash_operator.py:124}} INFO - Output:
[2020-02-03 03:39:58,949] {{bash_operator.py:128}} INFO - 2015-06-19
[2020-02-03 03:39:58,950] {{bash_operator.py:128}} INFO - 2015-06-26
[2020-02-03 03:39:58,952] {{bash_operator.py:128}} INFO - Parameter I passed in
[2020-02-03 03:39:58,952] {{bash_operator.py:128}} INFO - 2015-06-19
[2020-02-03 03:39:58,953] {{bash_operator.py:128}} INFO - 2015-06-26
[2020-02-03 03:39:58,954] {{bash_operator.py:128}} INFO - Parameter I passed in
[2020-02-03 03:39:58,954] {{bash_operator.py:128}} INFO - 2015-06-19
[2020-02-03 03:39:58,955] {{bash_operator.py:128}} INFO - 2015-06-26
[2020-02-03 03:39:58,955] {{bash_operator.py:128}} INFO - Parameter I passed in
[2020-02-03 03:39:58,956] {{bash_operator.py:128}} INFO - 2015-06-19
[2020-02-03 03:39:58,957] {{bash_operator.py:128}} INFO - 2015-06-26
[2020-02-03 03:39:58,957] {{bash_operator.py:128}} INFO - Parameter I passed in
[2020-02-03 03:39:58,958] {{bash_operator.py:128}} INFO - 2015-06-19
[2020-02-03 03:39:58,959] {{bash_operator.py:128}} INFO - 2015-06-26
[2020-02-03 03:39:58,959] {{bash_operator.py:128}} INFO - Parameter I passed in
[2020-02-03 03:39:58,960] {{bash_operator.py:132}} INFO - Command exited with return code 0
[2020-02-03 03:40:08,338] {{logging_mixin.py:112}} INFO - [2020-02-03 03:40:08,338] {{local_task_job.py:103}} INFO - Task exited with return code 0
