[2020-02-03 03:38:49,728] {{taskinstance.py:655}} INFO - Dependencies all met for <TaskInstance: tutorial.sleep 2015-06-12T00:00:00+00:00 [queued]>
[2020-02-03 03:38:49,818] {{taskinstance.py:655}} INFO - Dependencies all met for <TaskInstance: tutorial.sleep 2015-06-12T00:00:00+00:00 [queued]>
[2020-02-03 03:38:49,819] {{taskinstance.py:866}} INFO - 
--------------------------------------------------------------------------------
[2020-02-03 03:38:49,821] {{taskinstance.py:867}} INFO - Starting attempt 1 of 4
[2020-02-03 03:38:49,821] {{taskinstance.py:868}} INFO - 
--------------------------------------------------------------------------------
[2020-02-03 03:38:49,912] {{taskinstance.py:887}} INFO - Executing <Task(BashOperator): sleep> on 2015-06-12T00:00:00+00:00
[2020-02-03 03:38:49,918] {{standard_task_runner.py:52}} INFO - Started process 414 to run task
[2020-02-03 03:38:50,033] {{logging_mixin.py:112}} INFO - [2020-02-03 03:38:50,032] {{dagbag.py:403}} INFO - Filling up the DagBag from /usr/local/airflow/dags/tuto.py
[2020-02-03 03:38:50,111] {{logging_mixin.py:112}} INFO - Running %s on host %s <TaskInstance: tutorial.sleep 2015-06-12T00:00:00+00:00 [running]> 8f80e5b8585f
[2020-02-03 03:38:50,173] {{bash_operator.py:81}} INFO - Tmp dir root location: 
 /tmp
[2020-02-03 03:38:50,174] {{bash_operator.py:91}} INFO - Exporting the following env vars:
AIRFLOW_CTX_DAG_EMAIL=airflow@airflow.com
AIRFLOW_CTX_DAG_OWNER=airflow
AIRFLOW_CTX_DAG_ID=tutorial
AIRFLOW_CTX_TASK_ID=sleep
AIRFLOW_CTX_EXECUTION_DATE=2015-06-12T00:00:00+00:00
AIRFLOW_CTX_DAG_RUN_ID=scheduled__2015-06-12T00:00:00+00:00
[2020-02-03 03:38:50,205] {{bash_operator.py:105}} INFO - Temporary script location: /tmp/airflowtmpz7iedqi3/sleepjmscc41r
[2020-02-03 03:38:50,206] {{bash_operator.py:115}} INFO - Running command: sleep 5
[2020-02-03 03:38:50,237] {{bash_operator.py:124}} INFO - Output:
[2020-02-03 03:38:55,301] {{bash_operator.py:132}} INFO - Command exited with return code 0
[2020-02-03 03:39:31,786] {{logging_mixin.py:112}} INFO - [2020-02-03 03:39:31,756] {{local_task_job.py:103}} INFO - Task exited with return code 0
