[2020-02-03 03:39:58,013] {{taskinstance.py:655}} INFO - Dependencies all met for <TaskInstance: tutorial.templated 2015-06-17T00:00:00+00:00 [queued]>
[2020-02-03 03:39:58,086] {{taskinstance.py:655}} INFO - Dependencies all met for <TaskInstance: tutorial.templated 2015-06-17T00:00:00+00:00 [queued]>
[2020-02-03 03:39:58,087] {{taskinstance.py:866}} INFO - 
--------------------------------------------------------------------------------
[2020-02-03 03:39:58,088] {{taskinstance.py:867}} INFO - Starting attempt 1 of 2
[2020-02-03 03:39:58,089] {{taskinstance.py:868}} INFO - 
--------------------------------------------------------------------------------
[2020-02-03 03:39:58,125] {{taskinstance.py:887}} INFO - Executing <Task(BashOperator): templated> on 2015-06-17T00:00:00+00:00
[2020-02-03 03:39:58,134] {{standard_task_runner.py:52}} INFO - Started process 582 to run task
[2020-02-03 03:39:58,262] {{logging_mixin.py:112}} INFO - [2020-02-03 03:39:58,261] {{dagbag.py:403}} INFO - Filling up the DagBag from /usr/local/airflow/dags/tuto.py
[2020-02-03 03:39:58,385] {{logging_mixin.py:112}} INFO - Running %s on host %s <TaskInstance: tutorial.templated 2015-06-17T00:00:00+00:00 [running]> 8f80e5b8585f
[2020-02-03 03:39:58,497] {{bash_operator.py:81}} INFO - Tmp dir root location: 
 /tmp
[2020-02-03 03:39:58,498] {{bash_operator.py:91}} INFO - Exporting the following env vars:
AIRFLOW_CTX_DAG_EMAIL=airflow@airflow.com
AIRFLOW_CTX_DAG_OWNER=airflow
AIRFLOW_CTX_DAG_ID=tutorial
AIRFLOW_CTX_TASK_ID=templated
AIRFLOW_CTX_EXECUTION_DATE=2015-06-17T00:00:00+00:00
AIRFLOW_CTX_DAG_RUN_ID=scheduled__2015-06-17T00:00:00+00:00
[2020-02-03 03:39:58,500] {{bash_operator.py:105}} INFO - Temporary script location: /tmp/airflowtmpfeg4tnv9/templatedpex3pygw
[2020-02-03 03:39:58,500] {{bash_operator.py:115}} INFO - Running command: 
    
        echo "2015-06-17"
        echo "2015-06-24"
        echo "Parameter I passed in"
    
        echo "2015-06-17"
        echo "2015-06-24"
        echo "Parameter I passed in"
    
        echo "2015-06-17"
        echo "2015-06-24"
        echo "Parameter I passed in"
    
        echo "2015-06-17"
        echo "2015-06-24"
        echo "Parameter I passed in"
    
        echo "2015-06-17"
        echo "2015-06-24"
        echo "Parameter I passed in"
    
[2020-02-03 03:39:58,537] {{bash_operator.py:124}} INFO - Output:
[2020-02-03 03:39:58,540] {{bash_operator.py:128}} INFO - 2015-06-17
[2020-02-03 03:39:58,541] {{bash_operator.py:128}} INFO - 2015-06-24
[2020-02-03 03:39:58,541] {{bash_operator.py:128}} INFO - Parameter I passed in
[2020-02-03 03:39:58,542] {{bash_operator.py:128}} INFO - 2015-06-17
[2020-02-03 03:39:58,543] {{bash_operator.py:128}} INFO - 2015-06-24
[2020-02-03 03:39:58,543] {{bash_operator.py:128}} INFO - Parameter I passed in
[2020-02-03 03:39:58,544] {{bash_operator.py:128}} INFO - 2015-06-17
[2020-02-03 03:39:58,544] {{bash_operator.py:128}} INFO - 2015-06-24
[2020-02-03 03:39:58,545] {{bash_operator.py:128}} INFO - Parameter I passed in
[2020-02-03 03:39:58,546] {{bash_operator.py:128}} INFO - 2015-06-17
[2020-02-03 03:39:58,546] {{bash_operator.py:128}} INFO - 2015-06-24
[2020-02-03 03:39:58,547] {{bash_operator.py:128}} INFO - Parameter I passed in
[2020-02-03 03:39:58,548] {{bash_operator.py:128}} INFO - 2015-06-17
[2020-02-03 03:39:58,548] {{bash_operator.py:128}} INFO - 2015-06-24
[2020-02-03 03:39:58,549] {{bash_operator.py:128}} INFO - Parameter I passed in
[2020-02-03 03:39:58,550] {{bash_operator.py:132}} INFO - Command exited with return code 0
[2020-02-03 03:40:07,928] {{logging_mixin.py:112}} INFO - [2020-02-03 03:40:07,928] {{local_task_job.py:103}} INFO - Task exited with return code 0
