[2020-02-03 03:39:56,909] {{taskinstance.py:655}} INFO - Dependencies all met for <TaskInstance: tutorial.templated 2015-06-18T00:00:00+00:00 [queued]>
[2020-02-03 03:39:56,961] {{taskinstance.py:655}} INFO - Dependencies all met for <TaskInstance: tutorial.templated 2015-06-18T00:00:00+00:00 [queued]>
[2020-02-03 03:39:56,962] {{taskinstance.py:866}} INFO - 
--------------------------------------------------------------------------------
[2020-02-03 03:39:56,962] {{taskinstance.py:867}} INFO - Starting attempt 1 of 2
[2020-02-03 03:39:56,963] {{taskinstance.py:868}} INFO - 
--------------------------------------------------------------------------------
[2020-02-03 03:39:56,993] {{taskinstance.py:887}} INFO - Executing <Task(BashOperator): templated> on 2015-06-18T00:00:00+00:00
[2020-02-03 03:39:57,005] {{standard_task_runner.py:52}} INFO - Started process 578 to run task
[2020-02-03 03:39:57,185] {{logging_mixin.py:112}} INFO - [2020-02-03 03:39:57,181] {{dagbag.py:403}} INFO - Filling up the DagBag from /usr/local/airflow/dags/tuto.py
[2020-02-03 03:39:57,325] {{logging_mixin.py:112}} INFO - Running %s on host %s <TaskInstance: tutorial.templated 2015-06-18T00:00:00+00:00 [running]> 8f80e5b8585f
[2020-02-03 03:39:57,581] {{bash_operator.py:81}} INFO - Tmp dir root location: 
 /tmp
[2020-02-03 03:39:57,586] {{bash_operator.py:91}} INFO - Exporting the following env vars:
AIRFLOW_CTX_DAG_EMAIL=airflow@airflow.com
AIRFLOW_CTX_DAG_OWNER=airflow
AIRFLOW_CTX_DAG_ID=tutorial
AIRFLOW_CTX_TASK_ID=templated
AIRFLOW_CTX_EXECUTION_DATE=2015-06-18T00:00:00+00:00
AIRFLOW_CTX_DAG_RUN_ID=scheduled__2015-06-18T00:00:00+00:00
[2020-02-03 03:39:57,594] {{bash_operator.py:105}} INFO - Temporary script location: /tmp/airflowtmp374r1zv9/templatedqhnec_9j
[2020-02-03 03:39:57,596] {{bash_operator.py:115}} INFO - Running command: 
    
        echo "2015-06-18"
        echo "2015-06-25"
        echo "Parameter I passed in"
    
        echo "2015-06-18"
        echo "2015-06-25"
        echo "Parameter I passed in"
    
        echo "2015-06-18"
        echo "2015-06-25"
        echo "Parameter I passed in"
    
        echo "2015-06-18"
        echo "2015-06-25"
        echo "Parameter I passed in"
    
        echo "2015-06-18"
        echo "2015-06-25"
        echo "Parameter I passed in"
    
[2020-02-03 03:39:57,665] {{bash_operator.py:124}} INFO - Output:
[2020-02-03 03:39:57,676] {{bash_operator.py:128}} INFO - 2015-06-18
[2020-02-03 03:39:57,677] {{bash_operator.py:128}} INFO - 2015-06-25
[2020-02-03 03:39:57,678] {{bash_operator.py:128}} INFO - Parameter I passed in
[2020-02-03 03:39:57,678] {{bash_operator.py:128}} INFO - 2015-06-18
[2020-02-03 03:39:57,679] {{bash_operator.py:128}} INFO - 2015-06-25
[2020-02-03 03:39:57,680] {{bash_operator.py:128}} INFO - Parameter I passed in
[2020-02-03 03:39:57,681] {{bash_operator.py:128}} INFO - 2015-06-18
[2020-02-03 03:39:57,681] {{bash_operator.py:128}} INFO - 2015-06-25
[2020-02-03 03:39:57,682] {{bash_operator.py:128}} INFO - Parameter I passed in
[2020-02-03 03:39:57,682] {{bash_operator.py:128}} INFO - 2015-06-18
[2020-02-03 03:39:57,684] {{bash_operator.py:128}} INFO - 2015-06-25
[2020-02-03 03:39:57,685] {{bash_operator.py:128}} INFO - Parameter I passed in
[2020-02-03 03:39:57,685] {{bash_operator.py:128}} INFO - 2015-06-18
[2020-02-03 03:39:57,686] {{bash_operator.py:128}} INFO - 2015-06-25
[2020-02-03 03:39:57,687] {{bash_operator.py:128}} INFO - Parameter I passed in
[2020-02-03 03:39:57,688] {{bash_operator.py:132}} INFO - Command exited with return code 0
[2020-02-03 03:40:06,542] {{logging_mixin.py:112}} INFO - [2020-02-03 03:40:06,541] {{local_task_job.py:103}} INFO - Task exited with return code 0
