[2020-02-03 03:38:49,546] {{taskinstance.py:655}} INFO - Dependencies all met for <TaskInstance: tutorial.print_date 2015-06-17T00:00:00+00:00 [queued]>
[2020-02-03 03:38:49,641] {{taskinstance.py:655}} INFO - Dependencies all met for <TaskInstance: tutorial.print_date 2015-06-17T00:00:00+00:00 [queued]>
[2020-02-03 03:38:49,643] {{taskinstance.py:866}} INFO - 
--------------------------------------------------------------------------------
[2020-02-03 03:38:49,645] {{taskinstance.py:867}} INFO - Starting attempt 1 of 2
[2020-02-03 03:38:49,645] {{taskinstance.py:868}} INFO - 
--------------------------------------------------------------------------------
[2020-02-03 03:38:49,720] {{taskinstance.py:887}} INFO - Executing <Task(BashOperator): print_date> on 2015-06-17T00:00:00+00:00
[2020-02-03 03:38:49,723] {{standard_task_runner.py:52}} INFO - Started process 409 to run task
[2020-02-03 03:38:49,981] {{logging_mixin.py:112}} INFO - [2020-02-03 03:38:49,980] {{dagbag.py:403}} INFO - Filling up the DagBag from /usr/local/airflow/dags/tuto.py
[2020-02-03 03:38:50,067] {{logging_mixin.py:112}} INFO - Running %s on host %s <TaskInstance: tutorial.print_date 2015-06-17T00:00:00+00:00 [running]> 8f80e5b8585f
[2020-02-03 03:38:50,109] {{bash_operator.py:81}} INFO - Tmp dir root location: 
 /tmp
[2020-02-03 03:38:50,110] {{bash_operator.py:91}} INFO - Exporting the following env vars:
AIRFLOW_CTX_DAG_EMAIL=airflow@airflow.com
AIRFLOW_CTX_DAG_OWNER=airflow
AIRFLOW_CTX_DAG_ID=tutorial
AIRFLOW_CTX_TASK_ID=print_date
AIRFLOW_CTX_EXECUTION_DATE=2015-06-17T00:00:00+00:00
AIRFLOW_CTX_DAG_RUN_ID=scheduled__2015-06-17T00:00:00+00:00
[2020-02-03 03:38:50,144] {{bash_operator.py:105}} INFO - Temporary script location: /tmp/airflowtmp2a2c3e17/print_date0ex_9cjz
[2020-02-03 03:38:50,146] {{bash_operator.py:115}} INFO - Running command: date
[2020-02-03 03:38:50,164] {{bash_operator.py:124}} INFO - Output:
[2020-02-03 03:38:50,280] {{bash_operator.py:128}} INFO - Mon Feb  3 03:38:50 UTC 2020
[2020-02-03 03:38:50,282] {{bash_operator.py:132}} INFO - Command exited with return code 0
[2020-02-03 03:39:16,904] {{logging_mixin.py:112}} INFO - [2020-02-03 03:39:16,820] {{local_task_job.py:103}} INFO - Task exited with return code 0
