[2020-02-03 03:38:49,308] {{taskinstance.py:655}} INFO - Dependencies all met for <TaskInstance: tutorial.templated 2015-06-11T00:00:00+00:00 [queued]>
[2020-02-03 03:38:49,417] {{taskinstance.py:655}} INFO - Dependencies all met for <TaskInstance: tutorial.templated 2015-06-11T00:00:00+00:00 [queued]>
[2020-02-03 03:38:49,418] {{taskinstance.py:866}} INFO - 
--------------------------------------------------------------------------------
[2020-02-03 03:38:49,421] {{taskinstance.py:867}} INFO - Starting attempt 1 of 2
[2020-02-03 03:38:49,422] {{taskinstance.py:868}} INFO - 
--------------------------------------------------------------------------------
[2020-02-03 03:38:49,466] {{taskinstance.py:887}} INFO - Executing <Task(BashOperator): templated> on 2015-06-11T00:00:00+00:00
[2020-02-03 03:38:49,481] {{standard_task_runner.py:52}} INFO - Started process 404 to run task
[2020-02-03 03:38:49,638] {{logging_mixin.py:112}} INFO - [2020-02-03 03:38:49,637] {{dagbag.py:403}} INFO - Filling up the DagBag from /usr/local/airflow/dags/tuto.py
[2020-02-03 03:38:49,764] {{logging_mixin.py:112}} INFO - Running %s on host %s <TaskInstance: tutorial.templated 2015-06-11T00:00:00+00:00 [running]> 8f80e5b8585f
[2020-02-03 03:38:50,062] {{bash_operator.py:81}} INFO - Tmp dir root location: 
 /tmp
[2020-02-03 03:38:50,064] {{bash_operator.py:91}} INFO - Exporting the following env vars:
AIRFLOW_CTX_DAG_EMAIL=airflow@airflow.com
AIRFLOW_CTX_DAG_OWNER=airflow
AIRFLOW_CTX_DAG_ID=tutorial
AIRFLOW_CTX_TASK_ID=templated
AIRFLOW_CTX_EXECUTION_DATE=2015-06-11T00:00:00+00:00
AIRFLOW_CTX_DAG_RUN_ID=scheduled__2015-06-11T00:00:00+00:00
[2020-02-03 03:38:50,066] {{bash_operator.py:105}} INFO - Temporary script location: /tmp/airflowtmp1xnmftxw/templated5ff4adf4
[2020-02-03 03:38:50,067] {{bash_operator.py:115}} INFO - Running command: 
    
        echo "2015-06-11"
        echo "2015-06-18"
        echo "Parameter I passed in"
    
        echo "2015-06-11"
        echo "2015-06-18"
        echo "Parameter I passed in"
    
        echo "2015-06-11"
        echo "2015-06-18"
        echo "Parameter I passed in"
    
        echo "2015-06-11"
        echo "2015-06-18"
        echo "Parameter I passed in"
    
        echo "2015-06-11"
        echo "2015-06-18"
        echo "Parameter I passed in"
    
[2020-02-03 03:38:50,146] {{bash_operator.py:124}} INFO - Output:
[2020-02-03 03:38:50,277] {{bash_operator.py:128}} INFO - 2015-06-11
[2020-02-03 03:38:50,278] {{bash_operator.py:128}} INFO - 2015-06-18
[2020-02-03 03:38:50,278] {{bash_operator.py:128}} INFO - Parameter I passed in
[2020-02-03 03:38:50,279] {{bash_operator.py:128}} INFO - 2015-06-11
[2020-02-03 03:38:50,279] {{bash_operator.py:128}} INFO - 2015-06-18
[2020-02-03 03:38:50,280] {{bash_operator.py:128}} INFO - Parameter I passed in
[2020-02-03 03:38:50,281] {{bash_operator.py:128}} INFO - 2015-06-11
[2020-02-03 03:38:50,281] {{bash_operator.py:128}} INFO - 2015-06-18
[2020-02-03 03:38:50,282] {{bash_operator.py:128}} INFO - Parameter I passed in
[2020-02-03 03:38:50,283] {{bash_operator.py:128}} INFO - 2015-06-11
[2020-02-03 03:38:50,284] {{bash_operator.py:128}} INFO - 2015-06-18
[2020-02-03 03:38:50,284] {{bash_operator.py:128}} INFO - Parameter I passed in
[2020-02-03 03:38:50,285] {{bash_operator.py:128}} INFO - 2015-06-11
[2020-02-03 03:38:50,285] {{bash_operator.py:128}} INFO - 2015-06-18
[2020-02-03 03:38:50,286] {{bash_operator.py:128}} INFO - Parameter I passed in
[2020-02-03 03:38:50,287] {{bash_operator.py:132}} INFO - Command exited with return code 0
[2020-02-03 03:39:19,991] {{logging_mixin.py:112}} INFO - [2020-02-03 03:39:19,725] {{local_task_job.py:103}} INFO - Task exited with return code 0
