[2020-02-03 03:38:54,328] {{taskinstance.py:655}} INFO - Dependencies all met for <TaskInstance: tutorial.templated 2015-06-14T00:00:00+00:00 [queued]>
[2020-02-03 03:38:54,515] {{taskinstance.py:655}} INFO - Dependencies all met for <TaskInstance: tutorial.templated 2015-06-14T00:00:00+00:00 [queued]>
[2020-02-03 03:38:54,528] {{taskinstance.py:866}} INFO - 
--------------------------------------------------------------------------------
[2020-02-03 03:38:54,530] {{taskinstance.py:867}} INFO - Starting attempt 1 of 2
[2020-02-03 03:38:54,530] {{taskinstance.py:868}} INFO - 
--------------------------------------------------------------------------------
[2020-02-03 03:38:56,871] {{taskinstance.py:887}} INFO - Executing <Task(BashOperator): templated> on 2015-06-14T00:00:00+00:00
[2020-02-03 03:38:58,633] {{standard_task_runner.py:52}} INFO - Started process 485 to run task
[2020-02-03 03:39:16,133] {{logging_mixin.py:112}} INFO - [2020-02-03 03:39:16,091] {{dagbag.py:403}} INFO - Filling up the DagBag from /usr/local/airflow/dags/tuto.py
[2020-02-03 03:39:26,964] {{logging_mixin.py:112}} INFO - Running %s on host %s <TaskInstance: tutorial.templated 2015-06-14T00:00:00+00:00 [running]> 8f80e5b8585f
[2020-02-03 03:39:27,377] {{bash_operator.py:81}} INFO - Tmp dir root location: 
 /tmp
[2020-02-03 03:39:27,393] {{bash_operator.py:91}} INFO - Exporting the following env vars:
AIRFLOW_CTX_DAG_EMAIL=airflow@airflow.com
AIRFLOW_CTX_DAG_OWNER=airflow
AIRFLOW_CTX_DAG_ID=tutorial
AIRFLOW_CTX_TASK_ID=templated
AIRFLOW_CTX_EXECUTION_DATE=2015-06-14T00:00:00+00:00
AIRFLOW_CTX_DAG_RUN_ID=scheduled__2015-06-14T00:00:00+00:00
[2020-02-03 03:39:27,407] {{bash_operator.py:105}} INFO - Temporary script location: /tmp/airflowtmp2nhfwiyo/templatedn4cl50hr
[2020-02-03 03:39:27,409] {{bash_operator.py:115}} INFO - Running command: 
    
        echo "2015-06-14"
        echo "2015-06-21"
        echo "Parameter I passed in"
    
        echo "2015-06-14"
        echo "2015-06-21"
        echo "Parameter I passed in"
    
        echo "2015-06-14"
        echo "2015-06-21"
        echo "Parameter I passed in"
    
        echo "2015-06-14"
        echo "2015-06-21"
        echo "Parameter I passed in"
    
        echo "2015-06-14"
        echo "2015-06-21"
        echo "Parameter I passed in"
    
[2020-02-03 03:39:27,479] {{bash_operator.py:124}} INFO - Output:
[2020-02-03 03:39:27,568] {{bash_operator.py:128}} INFO - 2015-06-14
[2020-02-03 03:39:27,570] {{bash_operator.py:128}} INFO - 2015-06-21
[2020-02-03 03:39:27,571] {{bash_operator.py:128}} INFO - Parameter I passed in
[2020-02-03 03:39:27,573] {{bash_operator.py:128}} INFO - 2015-06-14
[2020-02-03 03:39:27,575] {{bash_operator.py:128}} INFO - 2015-06-21
[2020-02-03 03:39:27,576] {{bash_operator.py:128}} INFO - Parameter I passed in
[2020-02-03 03:39:27,577] {{bash_operator.py:128}} INFO - 2015-06-14
[2020-02-03 03:39:27,577] {{bash_operator.py:128}} INFO - 2015-06-21
[2020-02-03 03:39:27,578] {{bash_operator.py:128}} INFO - Parameter I passed in
[2020-02-03 03:39:27,579] {{bash_operator.py:128}} INFO - 2015-06-14
[2020-02-03 03:39:27,580] {{bash_operator.py:128}} INFO - 2015-06-21
[2020-02-03 03:39:27,581] {{bash_operator.py:128}} INFO - Parameter I passed in
[2020-02-03 03:39:27,581] {{bash_operator.py:128}} INFO - 2015-06-14
[2020-02-03 03:39:27,583] {{bash_operator.py:128}} INFO - 2015-06-21
[2020-02-03 03:39:27,584] {{bash_operator.py:128}} INFO - Parameter I passed in
[2020-02-03 03:39:27,585] {{bash_operator.py:132}} INFO - Command exited with return code 0
[2020-02-03 03:39:31,968] {{logging_mixin.py:112}} INFO - [2020-02-03 03:39:31,585] {{local_task_job.py:103}} INFO - Task exited with return code 0
