[2020-02-03 03:38:49,538] {{taskinstance.py:655}} INFO - Dependencies all met for <TaskInstance: tutorial.templated 2015-06-09T00:00:00+00:00 [queued]>
[2020-02-03 03:38:49,669] {{taskinstance.py:655}} INFO - Dependencies all met for <TaskInstance: tutorial.templated 2015-06-09T00:00:00+00:00 [queued]>
[2020-02-03 03:38:49,671] {{taskinstance.py:866}} INFO - 
--------------------------------------------------------------------------------
[2020-02-03 03:38:49,677] {{taskinstance.py:867}} INFO - Starting attempt 1 of 2
[2020-02-03 03:38:49,680] {{taskinstance.py:868}} INFO - 
--------------------------------------------------------------------------------
[2020-02-03 03:38:49,774] {{taskinstance.py:887}} INFO - Executing <Task(BashOperator): templated> on 2015-06-09T00:00:00+00:00
[2020-02-03 03:38:49,788] {{standard_task_runner.py:52}} INFO - Started process 411 to run task
[2020-02-03 03:38:50,002] {{logging_mixin.py:112}} INFO - [2020-02-03 03:38:50,001] {{dagbag.py:403}} INFO - Filling up the DagBag from /usr/local/airflow/dags/tuto.py
[2020-02-03 03:38:50,114] {{logging_mixin.py:112}} INFO - Running %s on host %s <TaskInstance: tutorial.templated 2015-06-09T00:00:00+00:00 [running]> 8f80e5b8585f
[2020-02-03 03:38:50,223] {{bash_operator.py:81}} INFO - Tmp dir root location: 
 /tmp
[2020-02-03 03:38:50,227] {{bash_operator.py:91}} INFO - Exporting the following env vars:
AIRFLOW_CTX_DAG_EMAIL=airflow@airflow.com
AIRFLOW_CTX_DAG_OWNER=airflow
AIRFLOW_CTX_DAG_ID=tutorial
AIRFLOW_CTX_TASK_ID=templated
AIRFLOW_CTX_EXECUTION_DATE=2015-06-09T00:00:00+00:00
AIRFLOW_CTX_DAG_RUN_ID=scheduled__2015-06-09T00:00:00+00:00
[2020-02-03 03:38:50,228] {{bash_operator.py:105}} INFO - Temporary script location: /tmp/airflowtmp87834zcq/templated0uloaw44
[2020-02-03 03:38:50,228] {{bash_operator.py:115}} INFO - Running command: 
    
        echo "2015-06-09"
        echo "2015-06-16"
        echo "Parameter I passed in"
    
        echo "2015-06-09"
        echo "2015-06-16"
        echo "Parameter I passed in"
    
        echo "2015-06-09"
        echo "2015-06-16"
        echo "Parameter I passed in"
    
        echo "2015-06-09"
        echo "2015-06-16"
        echo "Parameter I passed in"
    
        echo "2015-06-09"
        echo "2015-06-16"
        echo "Parameter I passed in"
    
[2020-02-03 03:38:50,237] {{bash_operator.py:124}} INFO - Output:
[2020-02-03 03:38:50,277] {{bash_operator.py:128}} INFO - 2015-06-09
[2020-02-03 03:38:50,277] {{bash_operator.py:128}} INFO - 2015-06-16
[2020-02-03 03:38:50,278] {{bash_operator.py:128}} INFO - Parameter I passed in
[2020-02-03 03:38:50,278] {{bash_operator.py:128}} INFO - 2015-06-09
[2020-02-03 03:38:50,279] {{bash_operator.py:128}} INFO - 2015-06-16
[2020-02-03 03:38:50,279] {{bash_operator.py:128}} INFO - Parameter I passed in
[2020-02-03 03:38:50,280] {{bash_operator.py:128}} INFO - 2015-06-09
[2020-02-03 03:38:50,280] {{bash_operator.py:128}} INFO - 2015-06-16
[2020-02-03 03:38:50,281] {{bash_operator.py:128}} INFO - Parameter I passed in
[2020-02-03 03:38:50,281] {{bash_operator.py:128}} INFO - 2015-06-09
[2020-02-03 03:38:50,282] {{bash_operator.py:128}} INFO - 2015-06-16
[2020-02-03 03:38:50,282] {{bash_operator.py:128}} INFO - Parameter I passed in
[2020-02-03 03:38:50,283] {{bash_operator.py:128}} INFO - 2015-06-09
[2020-02-03 03:38:50,284] {{bash_operator.py:128}} INFO - 2015-06-16
[2020-02-03 03:38:50,284] {{bash_operator.py:128}} INFO - Parameter I passed in
[2020-02-03 03:38:50,286] {{bash_operator.py:132}} INFO - Command exited with return code 0
[2020-02-03 03:39:21,556] {{logging_mixin.py:112}} INFO - [2020-02-03 03:39:21,392] {{local_task_job.py:103}} INFO - Task exited with return code 0
