[2020-02-03 03:38:49,668] {{taskinstance.py:655}} INFO - Dependencies all met for <TaskInstance: tutorial.print_date 2015-06-18T00:00:00+00:00 [queued]>
[2020-02-03 03:38:49,795] {{taskinstance.py:655}} INFO - Dependencies all met for <TaskInstance: tutorial.print_date 2015-06-18T00:00:00+00:00 [queued]>
[2020-02-03 03:38:49,796] {{taskinstance.py:866}} INFO - 
--------------------------------------------------------------------------------
[2020-02-03 03:38:49,799] {{taskinstance.py:867}} INFO - Starting attempt 1 of 2
[2020-02-03 03:38:49,799] {{taskinstance.py:868}} INFO - 
--------------------------------------------------------------------------------
[2020-02-03 03:38:49,868] {{taskinstance.py:887}} INFO - Executing <Task(BashOperator): print_date> on 2015-06-18T00:00:00+00:00
[2020-02-03 03:38:49,884] {{standard_task_runner.py:52}} INFO - Started process 413 to run task
[2020-02-03 03:38:50,063] {{logging_mixin.py:112}} INFO - [2020-02-03 03:38:50,057] {{dagbag.py:403}} INFO - Filling up the DagBag from /usr/local/airflow/dags/tuto.py
[2020-02-03 03:38:50,154] {{logging_mixin.py:112}} INFO - Running %s on host %s <TaskInstance: tutorial.print_date 2015-06-18T00:00:00+00:00 [running]> 8f80e5b8585f
[2020-02-03 03:38:50,216] {{bash_operator.py:81}} INFO - Tmp dir root location: 
 /tmp
[2020-02-03 03:38:50,217] {{bash_operator.py:91}} INFO - Exporting the following env vars:
AIRFLOW_CTX_DAG_EMAIL=airflow@airflow.com
AIRFLOW_CTX_DAG_OWNER=airflow
AIRFLOW_CTX_DAG_ID=tutorial
AIRFLOW_CTX_TASK_ID=print_date
AIRFLOW_CTX_EXECUTION_DATE=2015-06-18T00:00:00+00:00
AIRFLOW_CTX_DAG_RUN_ID=scheduled__2015-06-18T00:00:00+00:00
[2020-02-03 03:38:50,219] {{bash_operator.py:105}} INFO - Temporary script location: /tmp/airflowtmpm36g9846/print_daterofw1z5i
[2020-02-03 03:38:50,220] {{bash_operator.py:115}} INFO - Running command: date
[2020-02-03 03:38:50,232] {{bash_operator.py:124}} INFO - Output:
[2020-02-03 03:38:50,280] {{bash_operator.py:128}} INFO - Mon Feb  3 03:38:50 UTC 2020
[2020-02-03 03:38:50,280] {{bash_operator.py:132}} INFO - Command exited with return code 0
[2020-02-03 03:39:11,385] {{logging_mixin.py:112}} INFO - [2020-02-03 03:39:08,527] {{local_task_job.py:103}} INFO - Task exited with return code 0
