[2020-02-03 03:39:58,440] {{taskinstance.py:655}} INFO - Dependencies all met for <TaskInstance: tutorial.templated 2015-06-16T00:00:00+00:00 [queued]>
[2020-02-03 03:39:58,567] {{taskinstance.py:655}} INFO - Dependencies all met for <TaskInstance: tutorial.templated 2015-06-16T00:00:00+00:00 [queued]>
[2020-02-03 03:39:58,568] {{taskinstance.py:866}} INFO - 
--------------------------------------------------------------------------------
[2020-02-03 03:39:58,569] {{taskinstance.py:867}} INFO - Starting attempt 1 of 2
[2020-02-03 03:39:58,571] {{taskinstance.py:868}} INFO - 
--------------------------------------------------------------------------------
[2020-02-03 03:39:58,609] {{taskinstance.py:887}} INFO - Executing <Task(BashOperator): templated> on 2015-06-16T00:00:00+00:00
[2020-02-03 03:39:58,624] {{standard_task_runner.py:52}} INFO - Started process 590 to run task
[2020-02-03 03:39:58,751] {{logging_mixin.py:112}} INFO - [2020-02-03 03:39:58,749] {{dagbag.py:403}} INFO - Filling up the DagBag from /usr/local/airflow/dags/tuto.py
[2020-02-03 03:39:58,849] {{logging_mixin.py:112}} INFO - Running %s on host %s <TaskInstance: tutorial.templated 2015-06-16T00:00:00+00:00 [running]> 8f80e5b8585f
[2020-02-03 03:39:58,948] {{bash_operator.py:81}} INFO - Tmp dir root location: 
 /tmp
[2020-02-03 03:39:58,948] {{bash_operator.py:91}} INFO - Exporting the following env vars:
AIRFLOW_CTX_DAG_EMAIL=airflow@airflow.com
AIRFLOW_CTX_DAG_OWNER=airflow
AIRFLOW_CTX_DAG_ID=tutorial
AIRFLOW_CTX_TASK_ID=templated
AIRFLOW_CTX_EXECUTION_DATE=2015-06-16T00:00:00+00:00
AIRFLOW_CTX_DAG_RUN_ID=scheduled__2015-06-16T00:00:00+00:00
[2020-02-03 03:39:58,952] {{bash_operator.py:105}} INFO - Temporary script location: /tmp/airflowtmpfsjp2ogz/templatedp_5beons
[2020-02-03 03:39:58,952] {{bash_operator.py:115}} INFO - Running command: 
    
        echo "2015-06-16"
        echo "2015-06-23"
        echo "Parameter I passed in"
    
        echo "2015-06-16"
        echo "2015-06-23"
        echo "Parameter I passed in"
    
        echo "2015-06-16"
        echo "2015-06-23"
        echo "Parameter I passed in"
    
        echo "2015-06-16"
        echo "2015-06-23"
        echo "Parameter I passed in"
    
        echo "2015-06-16"
        echo "2015-06-23"
        echo "Parameter I passed in"
    
[2020-02-03 03:39:58,968] {{bash_operator.py:124}} INFO - Output:
[2020-02-03 03:39:58,971] {{bash_operator.py:128}} INFO - 2015-06-16
[2020-02-03 03:39:58,972] {{bash_operator.py:128}} INFO - 2015-06-23
[2020-02-03 03:39:58,973] {{bash_operator.py:128}} INFO - Parameter I passed in
[2020-02-03 03:39:58,974] {{bash_operator.py:128}} INFO - 2015-06-16
[2020-02-03 03:39:58,974] {{bash_operator.py:128}} INFO - 2015-06-23
[2020-02-03 03:39:58,975] {{bash_operator.py:128}} INFO - Parameter I passed in
[2020-02-03 03:39:58,976] {{bash_operator.py:128}} INFO - 2015-06-16
[2020-02-03 03:39:58,977] {{bash_operator.py:128}} INFO - 2015-06-23
[2020-02-03 03:39:58,977] {{bash_operator.py:128}} INFO - Parameter I passed in
[2020-02-03 03:39:58,978] {{bash_operator.py:128}} INFO - 2015-06-16
[2020-02-03 03:39:58,978] {{bash_operator.py:128}} INFO - 2015-06-23
[2020-02-03 03:39:58,979] {{bash_operator.py:128}} INFO - Parameter I passed in
[2020-02-03 03:39:58,979] {{bash_operator.py:128}} INFO - 2015-06-16
[2020-02-03 03:39:58,980] {{bash_operator.py:128}} INFO - 2015-06-23
[2020-02-03 03:39:58,980] {{bash_operator.py:128}} INFO - Parameter I passed in
[2020-02-03 03:39:58,982] {{bash_operator.py:132}} INFO - Command exited with return code 0
[2020-02-03 03:40:08,232] {{logging_mixin.py:112}} INFO - [2020-02-03 03:40:08,232] {{local_task_job.py:103}} INFO - Task exited with return code 0
