[2020-02-03 03:38:49,991] {{taskinstance.py:655}} INFO - Dependencies all met for <TaskInstance: tutorial.sleep 2015-06-09T00:00:00+00:00 [queued]>
[2020-02-03 03:38:50,070] {{taskinstance.py:655}} INFO - Dependencies all met for <TaskInstance: tutorial.sleep 2015-06-09T00:00:00+00:00 [queued]>
[2020-02-03 03:38:50,071] {{taskinstance.py:866}} INFO - 
--------------------------------------------------------------------------------
[2020-02-03 03:38:50,071] {{taskinstance.py:867}} INFO - Starting attempt 1 of 4
[2020-02-03 03:38:50,072] {{taskinstance.py:868}} INFO - 
--------------------------------------------------------------------------------
[2020-02-03 03:38:50,136] {{taskinstance.py:887}} INFO - Executing <Task(BashOperator): sleep> on 2015-06-09T00:00:00+00:00
[2020-02-03 03:38:50,150] {{standard_task_runner.py:52}} INFO - Started process 422 to run task
[2020-02-03 03:38:50,270] {{logging_mixin.py:112}} INFO - [2020-02-03 03:38:50,270] {{dagbag.py:403}} INFO - Filling up the DagBag from /usr/local/airflow/dags/tuto.py
[2020-02-03 03:38:50,329] {{logging_mixin.py:112}} INFO - Running %s on host %s <TaskInstance: tutorial.sleep 2015-06-09T00:00:00+00:00 [running]> 8f80e5b8585f
[2020-02-03 03:38:50,360] {{bash_operator.py:81}} INFO - Tmp dir root location: 
 /tmp
[2020-02-03 03:38:50,361] {{bash_operator.py:91}} INFO - Exporting the following env vars:
AIRFLOW_CTX_DAG_EMAIL=airflow@airflow.com
AIRFLOW_CTX_DAG_OWNER=airflow
AIRFLOW_CTX_DAG_ID=tutorial
AIRFLOW_CTX_TASK_ID=sleep
AIRFLOW_CTX_EXECUTION_DATE=2015-06-09T00:00:00+00:00
AIRFLOW_CTX_DAG_RUN_ID=scheduled__2015-06-09T00:00:00+00:00
[2020-02-03 03:38:50,362] {{bash_operator.py:105}} INFO - Temporary script location: /tmp/airflowtmp5fomwpno/sleepy9c1np_7
[2020-02-03 03:38:50,362] {{bash_operator.py:115}} INFO - Running command: sleep 5
[2020-02-03 03:38:50,398] {{bash_operator.py:124}} INFO - Output:
[2020-02-03 03:38:55,417] {{bash_operator.py:132}} INFO - Command exited with return code 0
[2020-02-03 03:39:31,999] {{logging_mixin.py:112}} INFO - [2020-02-03 03:39:31,982] {{local_task_job.py:103}} INFO - Task exited with return code 0
